# JRE version: OpenJDK Runtime Environment (21.0.8) (build 21.0.8+-14196175-b1038.72)
# Java VM: OpenJDK 64-Bit Server VM (21.0.8+-14196175-b1038.72, mixed mode, tiered, compressed oops, compressed class ptrs, g1 gc, windows-amd64)
GC Precious Log:
 CardTable entry size: 512
 Card Set container configuration: InlinePtr #cards 5 size 8 Array Of Cards #cards 12 size 40 Howl #buckets 4 coarsen threshold 1843 Howl Bitmap #cards 512 size 80 coarsen threshold 460 Card regions per heap region 1 cards per card region 2048
 CPUs: 4 total, 4 available
 Memory: 8071M
 Large Page Support: Disabled
 NUMA Support: Disabled
 Compressed Oops: Enabled (32-bit)
 Heap Region Size: 1M
 Heap Min Capacity: 8M
 Heap Initial Capacity: 128M
 Heap Max Capacity: 2G
 Pre-touch: Disabled
 Parallel Workers: 4
 Concurrent Workers: 1
 Concurrent Refinement Workers: 4
 Periodic GC: Disabled
Heap:
 garbage-first heap   total 380928K, used 241309K [0x0000000080000000, 0x0000000100000000)
  region size 1024K, 13 young (13312K), 3 survivors (3072K)
 Metaspace       used 193807K, committed 195648K, reserved 1245184K
  class space    used 25360K, committed 26240K, reserved 1048576K
GC Heap History (20 events):
Event: 3850.491 GC heap before
{Heap before GC invocations=63 (full 0):
 garbage-first heap   total 342016K, used 306284K [0x0000000080000000, 0x0000000100000000)
  region size 1024K, 111 young (113664K), 12 survivors (12288K)
 Metaspace       used 181837K, committed 183552K, reserved 1245184K
  class space    used 24141K, committed 24960K, reserved 1048576K
}
Event: 3850.541 GC heap after
{Heap after GC invocations=64 (full 0):
 garbage-first heap   total 342016K, used 214527K [0x0000000080000000, 0x0000000100000000)
  region size 1024K, 14 young (14336K), 14 survivors (14336K)
 Metaspace       used 181837K, committed 183552K, reserved 1245184K
  class space    used 24141K, committed 24960K, reserved 1048576K
}
Event: 3857.063 GC heap before
{Heap before GC invocations=64 (full 0):
 garbage-first heap   total 342016K, used 307711K [0x0000000080000000, 0x0000000100000000)
  region size 1024K, 106 young (108544K), 14 survivors (14336K)
 Metaspace       used 188559K, committed 190400K, reserved 1245184K
  class space    used 24763K, committed 25664K, reserved 1048576K
}
Event: 3857.147 GC heap after
{Heap after GC invocations=65 (full 0):
 garbage-first heap   total 342016K, used 218624K [0x0000000080000000, 0x0000000100000000)
  region size 1024K, 12 young (12288K), 12 survivors (12288K)
 Metaspace       used 188559K, committed 190400K, reserved 1245184K
  class space    used 24763K, committed 25664K, reserved 1048576K
}
Event: 4004.989 GC heap before
{Heap before GC invocations=65 (full 0):
 garbage-first heap   total 342016K, used 310784K [0x0000000080000000, 0x0000000100000000)
  region size 1024K, 102 young (104448K), 12 survivors (12288K)
 Metaspace       used 192554K, committed 194368K, reserved 1245184K
  class space    used 25287K, committed 26176K, reserved 1048576K
}
Event: 4005.768 GC heap after
{Heap after GC invocations=66 (full 0):
 garbage-first heap   total 342016K, used 222720K [0x0000000080000000, 0x0000000100000000)
  region size 1024K, 7 young (7168K), 7 survivors (7168K)
 Metaspace       used 192554K, committed 194368K, reserved 1245184K
  class space    used 25287K, committed 26176K, reserved 1048576K
}
Event: 4018.785 GC heap before
{Heap before GC invocations=66 (full 0):
 garbage-first heap   total 342016K, used 314880K [0x0000000080000000, 0x0000000100000000)
  region size 1024K, 98 young (100352K), 7 survivors (7168K)
 Metaspace       used 192885K, committed 194688K, reserved 1245184K
  class space    used 25290K, committed 26176K, reserved 1048576K
}
Event: 4018.862 GC heap after
{Heap after GC invocations=67 (full 0):
 garbage-first heap   total 342016K, used 232448K [0x0000000080000000, 0x0000000100000000)
  region size 1024K, 13 young (13312K), 13 survivors (13312K)
 Metaspace       used 192885K, committed 194688K, reserved 1245184K
  class space    used 25290K, committed 26176K, reserved 1048576K
}
Event: 4092.676 GC heap before
{Heap before GC invocations=68 (full 0):
 garbage-first heap   total 380928K, used 303104K [0x0000000080000000, 0x0000000100000000)
  region size 1024K, 87 young (89088K), 13 survivors (13312K)
 Metaspace       used 193079K, committed 194944K, reserved 1245184K
  class space    used 25289K, committed 26176K, reserved 1048576K
}
Event: 4092.898 GC heap after
{Heap after GC invocations=69 (full 0):
 garbage-first heap   total 380928K, used 234138K [0x0000000080000000, 0x0000000100000000)
  region size 1024K, 6 young (6144K), 6 survivors (6144K)
 Metaspace       used 193079K, committed 194944K, reserved 1245184K
  class space    used 25289K, committed 26176K, reserved 1048576K
}
Event: 4096.531 GC heap before
{Heap before GC invocations=69 (full 0):
 garbage-first heap   total 380928K, used 283290K [0x0000000080000000, 0x0000000100000000)
  region size 1024K, 55 young (56320K), 6 survivors (6144K)
 Metaspace       used 193333K, committed 195200K, reserved 1245184K
  class space    used 25299K, committed 26176K, reserved 1048576K
}
Event: 4096.567 GC heap after
{Heap after GC invocations=70 (full 0):
 garbage-first heap   total 380928K, used 236429K [0x0000000080000000, 0x0000000100000000)
  region size 1024K, 6 young (6144K), 6 survivors (6144K)
 Metaspace       used 193333K, committed 195200K, reserved 1245184K
  class space    used 25299K, committed 26176K, reserved 1048576K
}
Event: 6163.667 GC heap before
{Heap before GC invocations=70 (full 0):
 garbage-first heap   total 380928K, used 306061K [0x0000000080000000, 0x0000000100000000)
  region size 1024K, 75 young (76800K), 6 survivors (6144K)
 Metaspace       used 193436K, committed 195264K, reserved 1245184K
  class space    used 25306K, committed 26176K, reserved 1048576K
}
Event: 6164.051 GC heap after
{Heap after GC invocations=71 (full 0):
 garbage-first heap   total 380928K, used 234555K [0x0000000080000000, 0x0000000100000000)
  region size 1024K, 2 young (2048K), 2 survivors (2048K)
 Metaspace       used 193436K, committed 195264K, reserved 1245184K
  class space    used 25306K, committed 26176K, reserved 1048576K
}
Event: 7445.694 GC heap before
{Heap before GC invocations=71 (full 0):
 garbage-first heap   total 380928K, used 270395K [0x0000000080000000, 0x0000000100000000)
  region size 1024K, 37 young (37888K), 2 survivors (2048K)
 Metaspace       used 193607K, committed 195456K, reserved 1245184K
  class space    used 25332K, committed 26240K, reserved 1048576K
}
Event: 7446.006 GC heap after
{Heap after GC invocations=72 (full 0):
 garbage-first heap   total 380928K, used 234652K [0x0000000080000000, 0x0000000100000000)
  region size 1024K, 4 young (4096K), 4 survivors (4096K)
 Metaspace       used 193607K, committed 195456K, reserved 1245184K
  class space    used 25332K, committed 26240K, reserved 1048576K
}
Event: 7452.102 GC heap before
{Heap before GC invocations=72 (full 0):
 garbage-first heap   total 380928K, used 248988K [0x0000000080000000, 0x0000000100000000)
  region size 1024K, 18 young (18432K), 4 survivors (4096K)
 Metaspace       used 193657K, committed 195520K, reserved 1245184K
  class space    used 25339K, committed 26240K, reserved 1048576K
}
Event: 7452.193 GC heap after
{Heap after GC invocations=73 (full 0):
 garbage-first heap   total 380928K, used 232858K [0x0000000080000000, 0x0000000100000000)
  region size 1024K, 1 young (1024K), 1 survivors (1024K)
 Metaspace       used 193657K, committed 195520K, reserved 1245184K
  class space    used 25339K, committed 26240K, reserved 1048576K
}
Event: 7458.187 GC heap before
{Heap before GC invocations=73 (full 0):
 garbage-first heap   total 380928K, used 253338K [0x0000000080000000, 0x0000000100000000)
  region size 1024K, 22 young (22528K), 1 survivors (1024K)
 Metaspace       used 193747K, committed 195584K, reserved 1245184K
  class space    used 25351K, committed 26240K, reserved 1048576K
}
Event: 7458.246 GC heap after
{Heap after GC invocations=74 (full 0):
 garbage-first heap   total 380928K, used 233117K [0x0000000080000000, 0x0000000100000000)
  region size 1024K, 3 young (3072K), 3 survivors (3072K)
 Metaspace       used 193747K, committed 195584K, reserved 1245184K
  class space    used 25351K, committed 26240K, reserved 1048576K
}

